[2025-04-24T13:09:01.977+0000] {processor.py:186} INFO - Started process (PID=33) to work on /opt/airflow/dags/hello_world_dags.py
[2025-04-24T13:09:01.982+0000] {processor.py:914} INFO - Processing file /opt/airflow/dags/hello_world_dags.py for tasks to queue
[2025-04-24T13:09:02.007+0000] {logging_mixin.py:190} INFO - [2025-04-24T13:09:02.003+0000] {dagbag.py:588} INFO - Filling up the DagBag from /opt/airflow/dags/hello_world_dags.py
[2025-04-24T13:09:02.080+0000] {processor.py:925} INFO - DAG(s) 'hello_world_local' retrieved from /opt/airflow/dags/hello_world_dags.py
[2025-04-24T13:09:02.632+0000] {logging_mixin.py:190} INFO - [2025-04-24T13:09:02.626+0000] {override.py:1911} INFO - Created Permission View: can delete on DAG:hello_world_local
[2025-04-24T13:09:02.645+0000] {logging_mixin.py:190} INFO - [2025-04-24T13:09:02.645+0000] {override.py:1911} INFO - Created Permission View: can edit on DAG:hello_world_local
[2025-04-24T13:09:02.650+0000] {logging_mixin.py:190} INFO - [2025-04-24T13:09:02.650+0000] {override.py:1911} INFO - Created Permission View: can read on DAG:hello_world_local
[2025-04-24T13:09:02.657+0000] {logging_mixin.py:190} INFO - [2025-04-24T13:09:02.657+0000] {override.py:1911} INFO - Created Permission View: can create on DAG Run:hello_world_local
[2025-04-24T13:09:02.661+0000] {logging_mixin.py:190} INFO - [2025-04-24T13:09:02.661+0000] {override.py:1911} INFO - Created Permission View: can delete on DAG Run:hello_world_local
[2025-04-24T13:09:02.666+0000] {logging_mixin.py:190} INFO - [2025-04-24T13:09:02.666+0000] {override.py:1911} INFO - Created Permission View: menu access on DAG Run:hello_world_local
[2025-04-24T13:09:02.671+0000] {logging_mixin.py:190} INFO - [2025-04-24T13:09:02.670+0000] {override.py:1911} INFO - Created Permission View: can read on DAG Run:hello_world_local
[2025-04-24T13:09:02.671+0000] {logging_mixin.py:190} INFO - [2025-04-24T13:09:02.671+0000] {dag.py:3239} INFO - Sync 1 DAGs
[2025-04-24T13:09:02.696+0000] {logging_mixin.py:190} INFO - [2025-04-24T13:09:02.696+0000] {dag.py:3262} INFO - Creating ORM DAG for hello_world_local
[2025-04-24T13:09:02.697+0000] {logging_mixin.py:190} INFO - [2025-04-24T13:09:02.697+0000] {dag.py:4180} INFO - Setting next_dagrun for hello_world_local to None, run_after=None
[2025-04-24T13:09:02.718+0000] {processor.py:208} INFO - Processing /opt/airflow/dags/hello_world_dags.py took 0.775 seconds
[2025-04-24T13:09:33.792+0000] {processor.py:186} INFO - Started process (PID=41) to work on /opt/airflow/dags/hello_world_dags.py
[2025-04-24T13:09:33.794+0000] {processor.py:914} INFO - Processing file /opt/airflow/dags/hello_world_dags.py for tasks to queue
[2025-04-24T13:09:33.807+0000] {logging_mixin.py:190} INFO - [2025-04-24T13:09:33.806+0000] {dagbag.py:588} INFO - Filling up the DagBag from /opt/airflow/dags/hello_world_dags.py
[2025-04-24T13:09:33.867+0000] {processor.py:925} INFO - DAG(s) 'hello_world_local' retrieved from /opt/airflow/dags/hello_world_dags.py
[2025-04-24T13:09:33.963+0000] {logging_mixin.py:190} INFO - [2025-04-24T13:09:33.963+0000] {dag.py:3239} INFO - Sync 1 DAGs
[2025-04-24T13:09:34.004+0000] {logging_mixin.py:190} INFO - [2025-04-24T13:09:34.003+0000] {dag.py:4180} INFO - Setting next_dagrun for hello_world_local to None, run_after=None
[2025-04-24T13:09:34.022+0000] {processor.py:208} INFO - Processing /opt/airflow/dags/hello_world_dags.py took 0.256 seconds
[2025-04-24T13:10:04.122+0000] {processor.py:186} INFO - Started process (PID=42) to work on /opt/airflow/dags/hello_world_dags.py
[2025-04-24T13:10:04.123+0000] {processor.py:914} INFO - Processing file /opt/airflow/dags/hello_world_dags.py for tasks to queue
[2025-04-24T13:10:04.126+0000] {logging_mixin.py:190} INFO - [2025-04-24T13:10:04.126+0000] {dagbag.py:588} INFO - Filling up the DagBag from /opt/airflow/dags/hello_world_dags.py
[2025-04-24T13:10:04.141+0000] {processor.py:925} INFO - DAG(s) 'hello_world_local' retrieved from /opt/airflow/dags/hello_world_dags.py
[2025-04-24T13:10:04.169+0000] {logging_mixin.py:190} INFO - [2025-04-24T13:10:04.169+0000] {dag.py:3239} INFO - Sync 1 DAGs
[2025-04-24T13:10:04.180+0000] {logging_mixin.py:190} INFO - [2025-04-24T13:10:04.180+0000] {dag.py:4180} INFO - Setting next_dagrun for hello_world_local to None, run_after=None
[2025-04-24T13:10:04.192+0000] {processor.py:208} INFO - Processing /opt/airflow/dags/hello_world_dags.py took 0.092 seconds
[2025-04-24T13:10:34.712+0000] {processor.py:186} INFO - Started process (PID=43) to work on /opt/airflow/dags/hello_world_dags.py
[2025-04-24T13:10:34.714+0000] {processor.py:914} INFO - Processing file /opt/airflow/dags/hello_world_dags.py for tasks to queue
[2025-04-24T13:10:34.720+0000] {logging_mixin.py:190} INFO - [2025-04-24T13:10:34.719+0000] {dagbag.py:588} INFO - Filling up the DagBag from /opt/airflow/dags/hello_world_dags.py
[2025-04-24T13:10:34.753+0000] {processor.py:925} INFO - DAG(s) 'hello_world_local' retrieved from /opt/airflow/dags/hello_world_dags.py
[2025-04-24T13:10:34.809+0000] {logging_mixin.py:190} INFO - [2025-04-24T13:10:34.808+0000] {dag.py:3239} INFO - Sync 1 DAGs
[2025-04-24T13:10:34.832+0000] {logging_mixin.py:190} INFO - [2025-04-24T13:10:34.832+0000] {dag.py:4180} INFO - Setting next_dagrun for hello_world_local to None, run_after=None
[2025-04-24T13:10:34.850+0000] {processor.py:208} INFO - Processing /opt/airflow/dags/hello_world_dags.py took 0.182 seconds
[2025-04-24T13:11:05.493+0000] {processor.py:186} INFO - Started process (PID=58) to work on /opt/airflow/dags/hello_world_dags.py
[2025-04-24T13:11:05.495+0000] {processor.py:914} INFO - Processing file /opt/airflow/dags/hello_world_dags.py for tasks to queue
[2025-04-24T13:11:05.508+0000] {logging_mixin.py:190} INFO - [2025-04-24T13:11:05.504+0000] {dagbag.py:588} INFO - Filling up the DagBag from /opt/airflow/dags/hello_world_dags.py
[2025-04-24T13:11:05.565+0000] {processor.py:925} INFO - DAG(s) 'hello_world_local' retrieved from /opt/airflow/dags/hello_world_dags.py
[2025-04-24T13:11:05.624+0000] {logging_mixin.py:190} INFO - [2025-04-24T13:11:05.623+0000] {dag.py:3239} INFO - Sync 1 DAGs
[2025-04-24T13:11:05.659+0000] {logging_mixin.py:190} INFO - [2025-04-24T13:11:05.658+0000] {dag.py:4180} INFO - Setting next_dagrun for hello_world_local to None, run_after=None
[2025-04-24T13:11:05.688+0000] {processor.py:208} INFO - Processing /opt/airflow/dags/hello_world_dags.py took 0.210 seconds
[2025-04-24T13:11:36.076+0000] {processor.py:186} INFO - Started process (PID=72) to work on /opt/airflow/dags/hello_world_dags.py
[2025-04-24T13:11:36.078+0000] {processor.py:914} INFO - Processing file /opt/airflow/dags/hello_world_dags.py for tasks to queue
[2025-04-24T13:11:36.090+0000] {logging_mixin.py:190} INFO - [2025-04-24T13:11:36.087+0000] {dagbag.py:588} INFO - Filling up the DagBag from /opt/airflow/dags/hello_world_dags.py
[2025-04-24T13:11:36.122+0000] {processor.py:925} INFO - DAG(s) 'hello_world_local' retrieved from /opt/airflow/dags/hello_world_dags.py
[2025-04-24T13:11:36.178+0000] {logging_mixin.py:190} INFO - [2025-04-24T13:11:36.178+0000] {dag.py:3239} INFO - Sync 1 DAGs
[2025-04-24T13:11:36.198+0000] {logging_mixin.py:190} INFO - [2025-04-24T13:11:36.197+0000] {dag.py:4180} INFO - Setting next_dagrun for hello_world_local to None, run_after=None
[2025-04-24T13:11:36.213+0000] {processor.py:208} INFO - Processing /opt/airflow/dags/hello_world_dags.py took 0.155 seconds
[2025-04-24T13:12:06.508+0000] {processor.py:186} INFO - Started process (PID=73) to work on /opt/airflow/dags/hello_world_dags.py
[2025-04-24T13:12:06.509+0000] {processor.py:914} INFO - Processing file /opt/airflow/dags/hello_world_dags.py for tasks to queue
[2025-04-24T13:12:06.519+0000] {logging_mixin.py:190} INFO - [2025-04-24T13:12:06.519+0000] {dagbag.py:588} INFO - Filling up the DagBag from /opt/airflow/dags/hello_world_dags.py
[2025-04-24T13:12:06.539+0000] {processor.py:925} INFO - DAG(s) 'hello_world_local' retrieved from /opt/airflow/dags/hello_world_dags.py
[2025-04-24T13:12:06.569+0000] {logging_mixin.py:190} INFO - [2025-04-24T13:12:06.569+0000] {dag.py:3239} INFO - Sync 1 DAGs
[2025-04-24T13:12:06.585+0000] {logging_mixin.py:190} INFO - [2025-04-24T13:12:06.585+0000] {dag.py:4180} INFO - Setting next_dagrun for hello_world_local to None, run_after=None
[2025-04-24T13:12:06.597+0000] {processor.py:208} INFO - Processing /opt/airflow/dags/hello_world_dags.py took 0.103 seconds
[2025-04-24T13:12:37.087+0000] {processor.py:186} INFO - Started process (PID=74) to work on /opt/airflow/dags/hello_world_dags.py
[2025-04-24T13:12:37.088+0000] {processor.py:914} INFO - Processing file /opt/airflow/dags/hello_world_dags.py for tasks to queue
[2025-04-24T13:12:37.099+0000] {logging_mixin.py:190} INFO - [2025-04-24T13:12:37.099+0000] {dagbag.py:588} INFO - Filling up the DagBag from /opt/airflow/dags/hello_world_dags.py
[2025-04-24T13:12:37.122+0000] {processor.py:925} INFO - DAG(s) 'hello_world_local' retrieved from /opt/airflow/dags/hello_world_dags.py
[2025-04-24T13:12:37.161+0000] {logging_mixin.py:190} INFO - [2025-04-24T13:12:37.161+0000] {dag.py:3239} INFO - Sync 1 DAGs
[2025-04-24T13:12:37.175+0000] {logging_mixin.py:190} INFO - [2025-04-24T13:12:37.175+0000] {dag.py:4180} INFO - Setting next_dagrun for hello_world_local to None, run_after=None
[2025-04-24T13:12:37.188+0000] {processor.py:208} INFO - Processing /opt/airflow/dags/hello_world_dags.py took 0.112 seconds
[2025-04-24T13:13:07.818+0000] {processor.py:186} INFO - Started process (PID=75) to work on /opt/airflow/dags/hello_world_dags.py
[2025-04-24T13:13:07.820+0000] {processor.py:914} INFO - Processing file /opt/airflow/dags/hello_world_dags.py for tasks to queue
[2025-04-24T13:13:07.831+0000] {logging_mixin.py:190} INFO - [2025-04-24T13:13:07.830+0000] {dagbag.py:588} INFO - Filling up the DagBag from /opt/airflow/dags/hello_world_dags.py
[2025-04-24T13:13:07.882+0000] {processor.py:925} INFO - DAG(s) 'hello_world_local' retrieved from /opt/airflow/dags/hello_world_dags.py
[2025-04-24T13:13:07.948+0000] {logging_mixin.py:190} INFO - [2025-04-24T13:13:07.947+0000] {dag.py:3239} INFO - Sync 1 DAGs
[2025-04-24T13:13:08.001+0000] {logging_mixin.py:190} INFO - [2025-04-24T13:13:08.000+0000] {dag.py:4180} INFO - Setting next_dagrun for hello_world_local to None, run_after=None
[2025-04-24T13:13:08.019+0000] {processor.py:208} INFO - Processing /opt/airflow/dags/hello_world_dags.py took 0.217 seconds
[2025-04-24T13:13:38.349+0000] {processor.py:186} INFO - Started process (PID=76) to work on /opt/airflow/dags/hello_world_dags.py
[2025-04-24T13:13:38.350+0000] {processor.py:914} INFO - Processing file /opt/airflow/dags/hello_world_dags.py for tasks to queue
[2025-04-24T13:13:38.358+0000] {logging_mixin.py:190} INFO - [2025-04-24T13:13:38.357+0000] {dagbag.py:588} INFO - Filling up the DagBag from /opt/airflow/dags/hello_world_dags.py
[2025-04-24T13:13:38.384+0000] {processor.py:925} INFO - DAG(s) 'hello_world_local' retrieved from /opt/airflow/dags/hello_world_dags.py
[2025-04-24T13:13:38.432+0000] {logging_mixin.py:190} INFO - [2025-04-24T13:13:38.432+0000] {dag.py:3239} INFO - Sync 1 DAGs
[2025-04-24T13:13:38.445+0000] {logging_mixin.py:190} INFO - [2025-04-24T13:13:38.445+0000] {dag.py:4180} INFO - Setting next_dagrun for hello_world_local to None, run_after=None
[2025-04-24T13:13:38.459+0000] {processor.py:208} INFO - Processing /opt/airflow/dags/hello_world_dags.py took 0.127 seconds
[2025-04-24T13:14:08.962+0000] {processor.py:186} INFO - Started process (PID=77) to work on /opt/airflow/dags/hello_world_dags.py
[2025-04-24T13:14:08.968+0000] {processor.py:914} INFO - Processing file /opt/airflow/dags/hello_world_dags.py for tasks to queue
[2025-04-24T13:14:08.985+0000] {logging_mixin.py:190} INFO - [2025-04-24T13:14:08.984+0000] {dagbag.py:588} INFO - Filling up the DagBag from /opt/airflow/dags/hello_world_dags.py
[2025-04-24T13:14:09.055+0000] {processor.py:925} INFO - DAG(s) 'hello_world_local' retrieved from /opt/airflow/dags/hello_world_dags.py
[2025-04-24T13:14:09.103+0000] {logging_mixin.py:190} INFO - [2025-04-24T13:14:09.102+0000] {dag.py:3239} INFO - Sync 1 DAGs
[2025-04-24T13:14:09.117+0000] {logging_mixin.py:190} INFO - [2025-04-24T13:14:09.117+0000] {dag.py:4180} INFO - Setting next_dagrun for hello_world_local to None, run_after=None
[2025-04-24T13:14:09.139+0000] {processor.py:208} INFO - Processing /opt/airflow/dags/hello_world_dags.py took 0.220 seconds
[2025-04-24T13:16:20.309+0000] {processor.py:186} INFO - Started process (PID=40) to work on /opt/airflow/dags/hello_world_dags.py
[2025-04-24T13:16:20.313+0000] {processor.py:914} INFO - Processing file /opt/airflow/dags/hello_world_dags.py for tasks to queue
[2025-04-24T13:16:20.315+0000] {logging_mixin.py:190} INFO - [2025-04-24T13:16:20.315+0000] {dagbag.py:588} INFO - Filling up the DagBag from /opt/airflow/dags/hello_world_dags.py
[2025-04-24T13:16:20.337+0000] {processor.py:925} INFO - DAG(s) 'hello_world_local' retrieved from /opt/airflow/dags/hello_world_dags.py
[2025-04-24T13:16:20.447+0000] {logging_mixin.py:190} INFO - [2025-04-24T13:16:20.446+0000] {dag.py:3239} INFO - Sync 1 DAGs
[2025-04-24T13:16:20.470+0000] {logging_mixin.py:190} INFO - [2025-04-24T13:16:20.470+0000] {dag.py:4180} INFO - Setting next_dagrun for hello_world_local to None, run_after=None
[2025-04-24T13:16:20.484+0000] {processor.py:208} INFO - Processing /opt/airflow/dags/hello_world_dags.py took 0.190 seconds
[2025-04-24T13:16:50.709+0000] {processor.py:186} INFO - Started process (PID=41) to work on /opt/airflow/dags/hello_world_dags.py
[2025-04-24T13:16:50.712+0000] {processor.py:914} INFO - Processing file /opt/airflow/dags/hello_world_dags.py for tasks to queue
[2025-04-24T13:16:50.719+0000] {logging_mixin.py:190} INFO - [2025-04-24T13:16:50.718+0000] {dagbag.py:588} INFO - Filling up the DagBag from /opt/airflow/dags/hello_world_dags.py
[2025-04-24T13:16:50.746+0000] {processor.py:925} INFO - DAG(s) 'hello_world_local' retrieved from /opt/airflow/dags/hello_world_dags.py
[2025-04-24T13:16:50.781+0000] {logging_mixin.py:190} INFO - [2025-04-24T13:16:50.781+0000] {dag.py:3239} INFO - Sync 1 DAGs
[2025-04-24T13:16:50.791+0000] {logging_mixin.py:190} INFO - [2025-04-24T13:16:50.791+0000] {dag.py:4180} INFO - Setting next_dagrun for hello_world_local to None, run_after=None
[2025-04-24T13:16:50.800+0000] {processor.py:208} INFO - Processing /opt/airflow/dags/hello_world_dags.py took 0.107 seconds
[2025-04-24T13:23:16.658+0000] {processor.py:186} INFO - Started process (PID=32) to work on /opt/airflow/dags/hello_world_dags.py
[2025-04-24T13:23:16.683+0000] {processor.py:914} INFO - Processing file /opt/airflow/dags/hello_world_dags.py for tasks to queue
[2025-04-24T13:23:16.840+0000] {logging_mixin.py:190} INFO - [2025-04-24T13:23:16.793+0000] {dagbag.py:588} INFO - Filling up the DagBag from /opt/airflow/dags/hello_world_dags.py
[2025-04-24T13:23:18.506+0000] {processor.py:925} INFO - DAG(s) 'hello_world_local' retrieved from /opt/airflow/dags/hello_world_dags.py
[2025-04-24T13:23:20.781+0000] {logging_mixin.py:190} INFO - [2025-04-24T13:23:20.723+0000] {dag.py:3239} INFO - Sync 1 DAGs
[2025-04-24T13:23:23.528+0000] {logging_mixin.py:190} INFO - [2025-04-24T13:23:23.512+0000] {dag.py:4180} INFO - Setting next_dagrun for hello_world_local to None, run_after=None
[2025-04-24T13:23:24.172+0000] {processor.py:208} INFO - Processing /opt/airflow/dags/hello_world_dags.py took 7.681 seconds
[2025-04-24T13:23:55.812+0000] {processor.py:186} INFO - Started process (PID=33) to work on /opt/airflow/dags/hello_world_dags.py
[2025-04-24T13:23:55.817+0000] {processor.py:914} INFO - Processing file /opt/airflow/dags/hello_world_dags.py for tasks to queue
[2025-04-24T13:23:55.962+0000] {logging_mixin.py:190} INFO - [2025-04-24T13:23:55.943+0000] {dagbag.py:588} INFO - Filling up the DagBag from /opt/airflow/dags/hello_world_dags.py
[2025-04-24T13:23:56.192+0000] {processor.py:925} INFO - DAG(s) 'hello_world_local' retrieved from /opt/airflow/dags/hello_world_dags.py
[2025-04-24T13:23:56.815+0000] {logging_mixin.py:190} INFO - [2025-04-24T13:23:56.808+0000] {dag.py:3239} INFO - Sync 1 DAGs
[2025-04-24T13:23:57.086+0000] {logging_mixin.py:190} INFO - [2025-04-24T13:23:57.081+0000] {dag.py:4180} INFO - Setting next_dagrun for hello_world_local to None, run_after=None
[2025-04-24T13:23:57.189+0000] {processor.py:208} INFO - Processing /opt/airflow/dags/hello_world_dags.py took 1.452 seconds
